[debug] [2021-08-20T03:37:40.562Z] ----------------------------------------------------------------------
[debug] [2021-08-20T03:37:40.564Z] Command:       /Users/tbar0012/.nvm/versions/node/v14.15.1/bin/node /Users/tbar0012/.nvm/versions/node/v14.15.1/bin/firebase deploy --only hosting
[debug] [2021-08-20T03:37:40.564Z] CLI Version:   9.6.1
[debug] [2021-08-20T03:37:40.564Z] Platform:      darwin
[debug] [2021-08-20T03:37:40.564Z] Node Version:  v14.15.1
[debug] [2021-08-20T03:37:40.569Z] Time:          Fri Aug 20 2021 13:37:40 GMT+1000 (Australian Eastern Standard Time)
[debug] [2021-08-20T03:37:40.569Z] ----------------------------------------------------------------------
[debug] [2021-08-20T03:37:40.569Z] 
[debug] [2021-08-20T03:37:40.571Z] >>> [apiv2][query] GET https://firebase-public.firebaseio.com/cli.json [none]
[debug] [2021-08-20T03:37:40.595Z] > command requires scopes: ["email","openid","https://www.googleapis.com/auth/cloudplatformprojects.readonly","https://www.googleapis.com/auth/firebase","https://www.googleapis.com/auth/cloud-platform"]
[debug] [2021-08-20T03:37:40.595Z] > authorizing via signed-in user
[debug] [2021-08-20T03:37:40.595Z] [iam] checking project obstally for permissions ["firebase.projects.get","firebasehosting.sites.update"]
[debug] [2021-08-20T03:37:40.596Z] > refreshing access token with scopes: ["email","https://www.googleapis.com/auth/cloud-platform","https://www.googleapis.com/auth/cloudplatformprojects.readonly","https://www.googleapis.com/auth/firebase","openid"]
[debug] [2021-08-20T03:37:40.597Z] >>> HTTP REQUEST POST https://www.googleapis.com/oauth2/v3/token  
 <request body omitted>
[debug] [2021-08-20T03:37:40.881Z] <<< HTTP RESPONSE 200 {"date":"Fri, 20 Aug 2021 03:37:40 GMT","expires":"Mon, 01 Jan 1990 00:00:00 GMT","cache-control":"no-cache, no-store, max-age=0, must-revalidate","pragma":"no-cache","content-type":"application/json; charset=utf-8","vary":"X-Origin, Referer, Origin,Accept-Encoding","server":"scaffolding on HTTPServer2","x-xss-protection":"0","x-frame-options":"SAMEORIGIN","x-content-type-options":"nosniff","alt-svc":"h3=\":443\"; ma=2592000,h3-29=\":443\"; ma=2592000,h3-T051=\":443\"; ma=2592000,h3-Q050=\":443\"; ma=2592000,h3-Q046=\":443\"; ma=2592000,h3-Q043=\":443\"; ma=2592000,quic=\":443\"; ma=2592000; v=\"46,43\"","accept-ranges":"none","transfer-encoding":"chunked"}
[debug] [2021-08-20T03:37:40.922Z] >>> HTTP REQUEST POST https://cloudresourcemanager.googleapis.com/v1/projects/obstally:testIamPermissions  
 {"permissions":["firebase.projects.get","firebasehosting.sites.update"]}
[debug] [2021-08-20T03:37:41.416Z] <<< [apiv2][status] GET https://firebase-public.firebaseio.com/cli.json 200
[debug] [2021-08-20T03:37:41.416Z] <<< [apiv2][body] GET https://firebase-public.firebaseio.com/cli.json {"cloudBuildErrorAfter":1594252800000,"cloudBuildWarnAfter":1590019200000,"defaultNode10After":1594252800000,"minVersion":"3.0.5","node8DeploysDisabledAfter":1613390400000,"node8RuntimeDisabledAfter":1615809600000,"node8WarnAfter":1600128000000}
[debug] [2021-08-20T03:37:42.212Z] <<< HTTP RESPONSE 200 {"content-type":"application/json; charset=UTF-8","vary":"X-Origin, Referer, Origin,Accept-Encoding","date":"Fri, 20 Aug 2021 03:37:42 GMT","server":"ESF","cache-control":"private","x-xss-protection":"0","x-frame-options":"SAMEORIGIN","x-content-type-options":"nosniff","server-timing":"gfet4t7; dur=1070","alt-svc":"h3=\":443\"; ma=2592000,h3-29=\":443\"; ma=2592000,h3-T051=\":443\"; ma=2592000,h3-Q050=\":443\"; ma=2592000,h3-Q046=\":443\"; ma=2592000,h3-Q043=\":443\"; ma=2592000,quic=\":443\"; ma=2592000; v=\"46,43\"","accept-ranges":"none","transfer-encoding":"chunked"}
[debug] [2021-08-20T03:37:42.214Z] > refreshing access token with scopes: []
[debug] [2021-08-20T03:37:42.214Z] >>> HTTP REQUEST POST https://www.googleapis.com/oauth2/v3/token  
 <request body omitted>
[debug] [2021-08-20T03:37:42.510Z] <<< HTTP RESPONSE 200 {"pragma":"no-cache","date":"Fri, 20 Aug 2021 03:37:42 GMT","expires":"Mon, 01 Jan 1990 00:00:00 GMT","cache-control":"no-cache, no-store, max-age=0, must-revalidate","content-type":"application/json; charset=utf-8","vary":"X-Origin, Referer, Origin,Accept-Encoding","server":"scaffolding on HTTPServer2","x-xss-protection":"0","x-frame-options":"SAMEORIGIN","x-content-type-options":"nosniff","alt-svc":"h3=\":443\"; ma=2592000,h3-29=\":443\"; ma=2592000,h3-T051=\":443\"; ma=2592000,h3-Q050=\":443\"; ma=2592000,h3-Q046=\":443\"; ma=2592000,h3-Q043=\":443\"; ma=2592000,quic=\":443\"; ma=2592000; v=\"46,43\"","accept-ranges":"none","transfer-encoding":"chunked"}
[debug] [2021-08-20T03:37:42.536Z] >>> [apiv2][query] GET https://firebase.googleapis.com/v1beta1/projects/obstally [none]
[debug] [2021-08-20T03:37:43.002Z] <<< [apiv2][status] GET https://firebase.googleapis.com/v1beta1/projects/obstally 200
[debug] [2021-08-20T03:37:43.003Z] <<< [apiv2][body] GET https://firebase.googleapis.com/v1beta1/projects/obstally {"projectId":"obstally","projectNumber":"611932210483","displayName":"opentally","name":"projects/obstally","resources":{"hostingSite":"obstally","realtimeDatabaseInstance":"obstally","storageBucket":"obstally.appspot.com","locationId":"australia-southeast1"},"state":"ACTIVE"}
[warn] ⚠  functions: package.json indicates an outdated version of firebase-functions.
Please upgrade using npm install --save firebase-functions@latest in your functions directory. 
[info] 
[info] === Deploying to 'obstally'...
[info] 
[info] i  deploying hosting 
[debug] [2021-08-20T03:37:44.997Z] > refreshing access token with scopes: ["email","https://www.googleapis.com/auth/cloud-platform","https://www.googleapis.com/auth/cloudplatformprojects.readonly","https://www.googleapis.com/auth/firebase","openid"]
[debug] [2021-08-20T03:37:44.998Z] >>> HTTP REQUEST POST https://www.googleapis.com/oauth2/v3/token  
 <request body omitted>
[debug] [2021-08-20T03:37:45.344Z] <<< HTTP RESPONSE 200 {"date":"Fri, 20 Aug 2021 03:37:45 GMT","pragma":"no-cache","cache-control":"no-cache, no-store, max-age=0, must-revalidate","expires":"Mon, 01 Jan 1990 00:00:00 GMT","content-type":"application/json; charset=utf-8","vary":"X-Origin, Referer, Origin,Accept-Encoding","server":"scaffolding on HTTPServer2","x-xss-protection":"0","x-frame-options":"SAMEORIGIN","x-content-type-options":"nosniff","alt-svc":"h3=\":443\"; ma=2592000,h3-29=\":443\"; ma=2592000,h3-T051=\":443\"; ma=2592000,h3-Q050=\":443\"; ma=2592000,h3-Q046=\":443\"; ma=2592000,h3-Q043=\":443\"; ma=2592000,quic=\":443\"; ma=2592000; v=\"46,43\"","accept-ranges":"none","transfer-encoding":"chunked"}
[debug] [2021-08-20T03:37:45.370Z] >>> HTTP REQUEST POST https://firebasehosting.googleapis.com/v1beta1/sites/opentitler/versions  
 {"config":{},"labels":{"deployment-tool":"cli-firebase"}}
[debug] [2021-08-20T03:37:47.136Z] <<< HTTP RESPONSE 200 {"content-type":"application/json; charset=UTF-8","vary":"X-Origin, Referer, Origin,Accept-Encoding","date":"Fri, 20 Aug 2021 03:37:47 GMT","server":"ESF","cache-control":"private","x-xss-protection":"0","x-frame-options":"SAMEORIGIN","x-content-type-options":"nosniff","alt-svc":"h3=\":443\"; ma=2592000,h3-29=\":443\"; ma=2592000,h3-T051=\":443\"; ma=2592000,h3-Q050=\":443\"; ma=2592000,h3-Q046=\":443\"; ma=2592000,h3-Q043=\":443\"; ma=2592000,quic=\":443\"; ma=2592000; v=\"46,43\"","accept-ranges":"none","transfer-encoding":"chunked"}
[info] i  hosting[opentitler]: beginning deploy... 
[info] i  hosting[opentitler]: found 30 files in dist 
[debug] [2021-08-20T03:37:49.317Z] > refreshing access token with scopes: []
[debug] [2021-08-20T03:37:49.317Z] >>> HTTP REQUEST POST https://www.googleapis.com/oauth2/v3/token  
 <request body omitted>
[debug] [2021-08-20T03:37:49.320Z] [hosting] hash cache [ZGlzdA] stored for 30 files
[debug] [2021-08-20T03:37:49.321Z] [hosting][hash queue][FINAL] {"max":2147,"min":24,"avg":122.43333333333334,"active":0,"complete":30,"success":30,"errored":0,"retried":0,"total":30,"elapsed":2163}
[debug] [2021-08-20T03:37:49.626Z] <<< HTTP RESPONSE 200 {"pragma":"no-cache","expires":"Mon, 01 Jan 1990 00:00:00 GMT","date":"Fri, 20 Aug 2021 03:37:49 GMT","cache-control":"no-cache, no-store, max-age=0, must-revalidate","content-type":"application/json; charset=utf-8","vary":"X-Origin, Referer, Origin,Accept-Encoding","server":"scaffolding on HTTPServer2","x-xss-protection":"0","x-frame-options":"SAMEORIGIN","x-content-type-options":"nosniff","alt-svc":"h3=\":443\"; ma=2592000,h3-29=\":443\"; ma=2592000,h3-T051=\":443\"; ma=2592000,h3-Q050=\":443\"; ma=2592000,h3-Q046=\":443\"; ma=2592000,h3-Q043=\":443\"; ma=2592000,quic=\":443\"; ma=2592000; v=\"46,43\"","accept-ranges":"none","transfer-encoding":"chunked"}
[debug] [2021-08-20T03:37:49.656Z] >>> [apiv2][query] POST https://firebasehosting.googleapis.com/v1beta1/sites/opentitler/versions/95c3ba7e9e26afbe:populateFiles [none]
[debug] [2021-08-20T03:37:49.656Z] >>> [apiv2][body] POST https://firebasehosting.googleapis.com/v1beta1/sites/opentitler/versions/95c3ba7e9e26afbe:populateFiles {"files":{"/favicon.png":"593978729f4b3524f22e16171d77dbb642d28fad74fb3003c8a0f07951e35057","/index.html":"e92a316679f03cb805db49d1157a0d13cb66d7001e678ccb032d0e926424ba46","/img/card.svg":"638b605f2e1c4fa3b75d61b04f1934174f533b2a625548ed5f682dd8db3a302f","/img/live.svg":"9b4c4919894156cba3dfd9f67c77709834fa9f6e6d19199793010ef360406275","/img/person.svg":"9e367d1b7f852dad45bb0302b77b0a7dec53df4673eec0b8ea13108c8ea33930","/img/ticker.svg":"fbf3cd4f09a3cf8a2fcacacd194cc27991732c657607d3515887f24348179435","/img/watermark.svg":"094daedd47f1ac92b904a4bf910859c5ae7ffe64493e7765ccfd12af1de35305","/img/title.svg":"765b15986a4d9c932b6517e69b53d135cd757d1495283ebaed614d9b5c5bd5a1","/img/zoom.svg":"dadc0535de1741746ef848a28f82d1db376471625c2fcc933e9e81e0f2448c4c","/img/obs2.png":"064ce11f397660b6aef731a26afe940f2bc932eb7483c0105ed538699c34eef0","/img/obs4.png":"e5986b7c0ec3ec08581774a044ce7527b1cd595f7f2d0adef7d40a48b235b287","/img/obs8.png":"d31540bc96c50655108a338c135b040efc0de18889b0c5178fdc5a46a4d74d09","/js/app.242dcb07.js":"f340af85293fbe33c014cff004ff23cc1272a96526cc6b63eca7d00d76788ed9","/img/obs9.png":"8a0f24a7e40429919d0dcaf0d4f3badde8a13d181c380bdfc29f728782da3e32","/css/chunk-vendors.50f134c4.css":"966cc6612fa29b546ccf8d30d96a2b10b678d59ea0d5f890d1a40e98f08d5cd8","/css/app.3efdf251.css":"d964ffdbe80f8074748b0b84d1b82f0bcf9997e43f119b938d719e47744c274d","/fonts/flUhRq6tzZclQEJ-Vdg-IuiaDsNcIhQ8tQ.f5218eda.woff2":"cb559db3f96aff39ff3da5756ef5f92389059eb37d6687fabcf7e24cf3b11be9","/img/obs3.png":"52c2d5daafa735d3e96ef7bb3f472602d95cd09787bdfb6759cfa78cb984a8e0","/img/obs5.png":"c7d6713522b1f26edd46fa125c12cd78975903831ec05da22240bb0db1ef83ea","/fonts/gok-H7zzDkdnRel8-DQ6KAXJ69wP1tGnf4ZGhUcel5euIg.57b96f9c.woff2":"a4df570b2629fafe3b2c688f87bc5b3ca02aed0e4a78456e8b52864c13cbd1d9","/img/obs1.png":"0660663227c200ff4ee9909dc272dc7b2b5337bfba1aa6d4a944add2048d4c93","/fonts/flUhRq6tzZclQEJ-Vdg-IuiaDsNa.ef85b3d7.woff":"eab0416a67c33e1feb56d3801432353b82a07b67fca36dba059a06b9cb3ded34","/fonts/gok-H7zzDkdnRel8-DQ6KAXJ69wP1tGnf4ZGhUcY.bc42d9d0.woff":"3d12257412ea3c384597601dad0a8ec71ebea2b0205f3bbd1a2c04ac9ac58be7","/img/obs7.png":"501f21214b93fdbb37a456a58de7b78ba0739b05c61bb14cc0dd32992655538b","/js/app.242dcb07.js.map":"5e1eee11042efda473bd6da8b8ac3c15b35f7ceb1e230088e08f3659de433f54","/img/obs6.png":"412f44dd4bf65725aa6b5c61a2d864eb5e4b18175e4b9850e7f89b437db09301","/img/example1.jpg":"b625600ba91b11002733d8a27d2f2fc267175b5fb6457f6dbbf53120c22dbb50","/js/chunk-vendors.bbec31c4.js":"2359b811d1dd33b3f9b4a0927785393619828f3059383553eafa120bdb91f997","/vids/vid2.mp4":"c433d166d2befc9ce81d038ef7d310cba7262f741d8cead9d3860e3129db9601","/js/chunk-vendors.bbec31c4.js.map":"1721d1b699b6ae9a80629eaa0fc5b719e524d3615d565540895dcdfec0e1364e"}}
[debug] [2021-08-20T03:37:51.401Z] <<< [apiv2][status] POST https://firebasehosting.googleapis.com/v1beta1/sites/opentitler/versions/95c3ba7e9e26afbe:populateFiles 200
[debug] [2021-08-20T03:37:51.401Z] <<< [apiv2][body] POST https://firebasehosting.googleapis.com/v1beta1/sites/opentitler/versions/95c3ba7e9e26afbe:populateFiles {"uploadRequiredHashes":["d964ffdbe80f8074748b0b84d1b82f0bcf9997e43f119b938d719e47744c274d","5e1eee11042efda473bd6da8b8ac3c15b35f7ceb1e230088e08f3659de433f54","e92a316679f03cb805db49d1157a0d13cb66d7001e678ccb032d0e926424ba46","f340af85293fbe33c014cff004ff23cc1272a96526cc6b63eca7d00d76788ed9"],"uploadUrl":"https://upload-firebasehosting.googleapis.com/upload/sites/opentitler/versions/95c3ba7e9e26afbe/files"}
[debug] [2021-08-20T03:37:51.403Z] >>> [apiv2][query] POST https://upload-firebasehosting.googleapis.com/upload/sites/opentitler/versions/95c3ba7e9e26afbe/files/d964ffdbe80f8074748b0b84d1b82f0bcf9997e43f119b938d719e47744c274d [none]
[debug] [2021-08-20T03:37:51.403Z] >>> [apiv2][body] POST https://upload-firebasehosting.googleapis.com/upload/sites/opentitler/versions/95c3ba7e9e26afbe/files/d964ffdbe80f8074748b0b84d1b82f0bcf9997e43f119b938d719e47744c274d [stream]
[debug] [2021-08-20T03:37:51.405Z] >>> [apiv2][query] POST https://upload-firebasehosting.googleapis.com/upload/sites/opentitler/versions/95c3ba7e9e26afbe/files/5e1eee11042efda473bd6da8b8ac3c15b35f7ceb1e230088e08f3659de433f54 [none]
[debug] [2021-08-20T03:37:51.405Z] >>> [apiv2][body] POST https://upload-firebasehosting.googleapis.com/upload/sites/opentitler/versions/95c3ba7e9e26afbe/files/5e1eee11042efda473bd6da8b8ac3c15b35f7ceb1e230088e08f3659de433f54 [stream]
[debug] [2021-08-20T03:37:51.406Z] >>> [apiv2][query] POST https://upload-firebasehosting.googleapis.com/upload/sites/opentitler/versions/95c3ba7e9e26afbe/files/e92a316679f03cb805db49d1157a0d13cb66d7001e678ccb032d0e926424ba46 [none]
[debug] [2021-08-20T03:37:51.407Z] >>> [apiv2][body] POST https://upload-firebasehosting.googleapis.com/upload/sites/opentitler/versions/95c3ba7e9e26afbe/files/e92a316679f03cb805db49d1157a0d13cb66d7001e678ccb032d0e926424ba46 [stream]
[debug] [2021-08-20T03:37:51.409Z] >>> [apiv2][query] POST https://upload-firebasehosting.googleapis.com/upload/sites/opentitler/versions/95c3ba7e9e26afbe/files/f340af85293fbe33c014cff004ff23cc1272a96526cc6b63eca7d00d76788ed9 [none]
[debug] [2021-08-20T03:37:51.409Z] >>> [apiv2][body] POST https://upload-firebasehosting.googleapis.com/upload/sites/opentitler/versions/95c3ba7e9e26afbe/files/f340af85293fbe33c014cff004ff23cc1272a96526cc6b63eca7d00d76788ed9 [stream]
[debug] [2021-08-20T03:37:51.410Z] [hosting][populate queue][FINAL] {"max":2086,"min":2086,"avg":2086,"active":0,"complete":1,"success":1,"errored":0,"retried":0,"total":1,"elapsed":2093}
[debug] [2021-08-20T03:37:51.410Z] [hosting] uploads queued: 4
